python main.py --config ./configs/default_cifar10_configs.py --eval_folder ./eval --mode test --workdir ./results
python main.py --config ./configs/default_cifar10_configs.py --eval_folder ./eval --mode test --workdir ./results
python main.py --config ./configs/default_cifar10_configs.py --eval_folder ./eval --mode test --workdir ./results
python main.py --config ./configs/default_cifar10_configs.py --eval_folder ./eval --mode test --workdir ./results
python main.py --config ./configs/default_cifar10_configs.py --eval_folder ./eval --mode test --workdir ./results
python main.py --config ./configs/default_cifar10_configs.py --eval_folder ./eval --mode test --workdir ./results
python main.py --config ./configs/default_cifar10_configs.py --eval_folder ./eval --mode test --workdir ./results
python main.py --config ./configs/default_cifar10_configs.py --eval_folder ./eval --mode test --workdir ./results
python main.py --config ./configs/default_cifar10_configs.py --eval_folder ./eval --mode test --workdir ./results
python main.py --config ./configs/default_cifar10_configs.py --eval_folder ./eval --mode test --workdir ./results
python main.py --config ./configs/default_cifar10_configs.py --eval_folder ./eval --mode test --workdir ./results
python main.py --config ./configs/default_cifar10_configs.py --eval_folder ./eval --mode test --workdir ./results
python main.py --config ./configs/default_cifar10_configs.py --eval_folder ./eval --mode test --workdir ./results
python main.py --config ./configs/default_cifar10_configs.py --eval_folder ./eval --mode test --workdir ./results
python main.py --config ./configs/default_cifar10_configs.py --eval_folder ./eval --mode test --workdir ./results
python main.py --config ./configs/vp/ddpm/cifar10_unconditional.py --eval_folder ./eval --mode test --workdir ./results
python main.py --config ./configs/vp/ddpm/cifar10_unconditional.py --eval_folder ./eval --mode eval --workdir ./results
python main.py --config ./configs/vp/ddpm/cifar10_unconditional.py --eval_folder ./eval --mode eval --workdir ./results
python main.py --config ./configs/vp/ddpm/cifar10.py --eval_folder ./eval --mode eval --workdir ./results
python main.py --config ./configs/vp/ddpm/cifar10.py --eval_folder ./eval --mode eval --workdir ./results
python main.py --config ./configs/vp/ddpm/cifar10.py --eval_folder ./eval --mode eval --workdir ./results
python main.py --config ./configs/vp/ddpm/cifar10.py --eval_folder ./eval --mode eval --workdir ./results
python main.py --config ./configs/vp/ddpm/cifar10.py --eval_folder ./eval --mode eval --workdir ./results
python main.py --config ./configs/vp/ddpm/cifar10.py --eval_folder ./eval --mode eval --workdir ./results
python main.py --config ./configs/vp/ddpm/cifar10.py --eval_folder ./eval --mode eval --workdir ./results
python main.py --config ./configs/vp/ddpm/cifar10.py --eval_folder ./eval --mode eval --workdir ./results
python main.py --config ./configs/vp/ddpm/cifar10.py --eval_folder ./eval --mode eval --workdir ./results
python main.py --config ./configs/vp/ddpm/cifar10.py --eval_folder ./eval --mode eval --workdir ./results
python main.py --config ./configs/vp/ddpm/cifar10.py --eval_folder ./eval --mode eval --workdir ./results
python main.py --config ./configs/vp/ddpm/cifar10.py --eval_folder ./eval --mode eval --workdir ./results
python main.py --config ./configs/vp/ddpm/cifar10.py --eval_folder ./eval --mode eval --workdir ./results
python main.py --config ./configs/vp/ddpm/cifar10.py --eval_folder ./eval --mode eval --workdir ./results
python main.py --config ./configs/vp/ddpm/cifar10.py --eval_folder ./eval --mode eval --workdir ./results
python main.py --config ./configs/vp/ddpm/cifar10.py --eval_folder ./eval --mode eval --workdir ./results
python main.py --config ./configs/vp/ddpm/cifar10.py --eval_folder ./eval --mode eval --workdir ./results
python main.py --config ./configs/vp/ddpm/cifar10.py --eval_folder ./eval --mode eval --workdir ./results
python main.py --config ./configs/vp/ddpm/cifar10.py --eval_folder ./eval --mode eval --workdir ./results
python main.py --config ./configs/vp/ddpm/cifar10.py --eval_folder ./eval --mode eval --workdir ./results
python main.py --config ./configs/vp/ddpm/cifar10.py --eval_folder ./eval --mode eval --workdir ./results
python main.py --config ./configs/vp/ddpm/cifar10.py --eval_folder ./eval --mode eval --workdir ./results
python main.py --config ./configs/vp/ddpm/cifar10.py --eval_folder ./eval --mode eval --workdir ./results
python main.py --config ./configs/vp/ddpm/cifar10.py --eval_folder cifar10 --mode train --workdir ./results
python main.py --config ./configs/vp/ddpm/cifar10.py --eval_folder cifar10 --mode train --workdir ./results
python main.py --config ./configs/vp/ddpm/cifar10.py --eval_folder cifar10 --mode train --workdir ./results
python main.py --config ./configs/vp/ddpm/cifar10.py --eval_folder cifar10 --mode train --workdir ./results
python main.py --config ./configs/vp/ddpm/cifar10.py --eval_folder cifar10 --mode train --workdir ./results
python main.py --config ./configs/vp/ddpm/cifar10.py --eval_folder cifar10 --mode train --workdir ./results
python main.py --config ./configs/vp/ddpm/cifar10.py --eval_folder cifar10 --mode train --workdir ./results
python main.py --config ./configs/vp/ddpm/cifar10.py --eval_folder eval --mode eval --workdir ./results
python main.py --config ./configs/vp/ddpm/cifar10.py --eval_folder eval --mode eval --workdir ./results
python main.py --config ./configs/vp/ddpm/cifar10.py --eval_folder eval --mode eval --workdir ./results
python main.py --config ./configs/vp/ddpm/cifar10.py --eval_folder eval --mode eval --workdir ./results
python main.py --config ./configs/vp/ddpm/cifar10.py --eval_folder eval --mode eval --workdir ./results
python main.py --config ./configs/vp/ddpm/cifar10_bpd.py --eval_folder eval --mode eval --workdir ./results
python main.py --config ./configs/vp/ddpm/cifar10_bpd.py --eval_folder eval --mode eval --workdir ./results
python main.py --config ./configs/vp/ddpm/cifar10_bpd.py --eval_folder eval --mode eval --workdir ./results
python main.py --config ./configs/vp/ddpm/cifar10_bpd.py --eval_folder eval --mode eval --workdir ./results
python main.py --config ./configs/vp/ddpm/cifar10_bpd.py --eval_folder eval --mode eval --workdir ./results
python main.py --config ./configs/vp/ddpm/cifar10_bpd.py --eval_folder eval --mode eval --workdir ./results
python main.py --config ./configs/vp/ddpm/cifar10_bpd.py --eval_folder eval --mode eval --workdir ./results
python main.py --config ./configs/vp/ddpm/cifar10_bpd.py --eval_folder eval --mode eval --workdir ./results
python main.py --config ./configs/vp/ddpm/cifar10_bpd.py --eval_folder eval --mode eval --workdir ./results
python main.py --config ./configs/vp/ddpm/cifar10_bpd.py --eval_folder eval --mode eval --workdir ./results
python main.py --config ./configs/vp/ddpm/cifar10_bpd.py --eval_folder eval --mode eval --workdir ./results
python main.py --config ./configs/vp/ddpm/cifar10_bpd.py --eval_folder eval --mode eval --workdir ./results
python main.py --config ./configs/vp/ddpm/cifar10_bpd.py --eval_folder eval --mode eval --workdir ./results
python main.py --config ./configs/vp/ddpm/cifar10_bpd.py --eval_folder eval --mode eval --workdir ./results
python main.py --config ./configs/vp/ddpm/cifar10_bpd.py --eval_folder eval --mode eval --workdir ./results
python main.py --config ./configs/vp/ddpm/cifar10_bpd.py --eval_folder eval --mode eval --workdir ./results
python main.py --config ./configs/vp/ddpm/cifar10_bpd.py --eval_folder eval --mode eval --workdir ./results
python main.py --config ./configs/vp/ddpm/cifar10_bpd.py --eval_folder eval --mode eval --workdir ./results
python main.py --config ./configs/vp/ddpm/cifar10_bpd.py --eval_folder eval --mode eval --workdir ./results
python main.py --config ./configs/vp/ddpm/cifar10_bpd.py --eval_folder eval --mode eval --workdir ./results
python main.py --config ./configs/vp/ddpm/cifar10_bpd.py --eval_folder eval --mode eval --workdir ./results
python main.py --config ./configs/vp/ddpm/cifar10_bpd.py --eval_folder eval --mode eval --workdir ./results
python main.py --config ./configs/vp/ddpm/cifar10_bpd.py --eval_folder eval --mode eval --workdir ./results
python main.py --config ./configs/vp/ddpm/cifar10_bpd.py --eval_folder eval --mode eval --workdir ./results
python main.py --config ./configs/vp/ddpm/cifar10_bpd.py --eval_folder eval --mode eval --workdir ./results
python main.py --config ./configs/vp/ddpm/cifar10_bpd.py --eval_folder eval --mode eval --workdir ./results
python main.py --config ./configs/vp/ddpm/cifar10_bpd.py --eval_folder eval --mode eval --workdir ./results
python main.py --config ./configs/vp/ddpm/cifar10_bpd.py --eval_folder eval --mode eval --workdir ./results
python main.py --config ./configs/vp/ddpm/cifar10_bpd.py --eval_folder eval --mode eval --workdir ./results
python main.py --config ./configs/vp/ddpm/cifar10_bpd.py --eval_folder eval --mode eval --workdir ./results
python main.py --config ./configs/vp/ddpm/cifar10_bpd.py --eval_folder eval --mode eval --workdir ./results
python main.py --config ./configs/vp/ddpm/cifar10_bpd.py --eval_folder eval --mode eval --workdir ./results
python main.py --config ./configs/vp/ddpm/cifar10_bpd.py --eval_folder eval --mode eval --workdir ./results
python main.py --config ./configs/vp/ddpm/cifar10_bpd.py --eval_folder eval --mode eval --workdir ./results
python main.py --config ./configs/vp/ddpm/cifar10_bpd.py --eval_folder eval --mode train --workdir ./results
python main.py --config ./configs/vp/ddpm/cifar10.py --eval_folder eval --mode train --workdir ./results
python main.py --config ./configs/vp/ddpm/cifar10.py --eval_folder cifar10 --mode train --workdir ./results
python main.py --config ./configs/vp/ddpm/cifar10_bpd.py --eval_folder eval --mode eval --workdir ./results
python main.py --config ./configs/vp/ddpm/cifar10.py --eval_folder cifar10 --mode train --workdir ./results
python main.py --config ./configs/vp/ddpm/cifar10_bpd.py --eval_folder eval --mode eval --workdir ./results
python main.py --config ./configs/vp/ddpm/cifar10_bpd.py --eval_folder eval --mode eval --workdir ./results
python main.py --config ./configs/vp/ddpm/cifar10_bpd.py --eval_folder eval --mode eval --workdir ./results
python main.py --config ./configs/vp/ddpm/cifar10_bpd.py --eval_folder eval --mode eval --workdir ./results
python main.py --config ./configs/vp/ddpm/cifar10.py --eval_folder eval --mode train --workdir ./results --hard_examples
python main.py --config ./configs/vp/ddpm/cifar10.py --eval_folder eval --mode train --workdir ./results --hard_examples
python main.py --config ./configs/vp/ddpm/cifar10.py --eval_folder eval --mode train --workdir ./results --hard_examples
python main.py --config ./configs/vp/ddpm/cifar10.py --eval_folder eval --mode train --workdir ./results --hard_examples
python main.py --config ./configs/vp/ddpm/cifar10.py --eval_folder eval --mode train --workdir ./results --hard_examples
python main.py --config ./configs/vp/ddpm/cifar10.py --eval_folder eval --mode train --workdir ./results --hard_examples
python main.py --config ./configs/vp/ddpm/cifar10.py --eval_folder eval --mode train --workdir ./results --hard_examples
python main.py --config ./configs/vp/ddpm/cifar10.py --eval_folder eval --mode train --workdir ./results --hard_examples
python main.py --config ./configs/vp/ddpm/cifar10.py --eval_folder eval --mode train --workdir ./results --hard_examples
python main.py --config ./configs/vp/ddpm/cifar10.py --eval_folder eval --mode train --workdir ./results --hard_examples
python main.py --config ./configs/vp/ddpm/cifar10.py --eval_folder eval --mode train --workdir ./results --hard_examples
python main.py --config ./configs/vp/ddpm/cifar10.py --eval_folder eval --mode train --workdir ./results --hard_examples
python main.py --config ./configs/vp/ddpm/cifar10.py --eval_folder eval --mode train --workdir ./results --hard_examples
python main.py --config ./configs/vp/ddpm/cifar10.py --eval_folder eval --mode train --workdir ./results --hard_examples
python main.py --config ./configs/vp/ddpm/cifar10.py --eval_folder eval --mode train --workdir ./results --hard_examples
python main.py --config ./configs/vp/ddpm/cifar10.py --eval_folder eval --mode train --workdir ./results --hard_examples
python main.py --config ./configs/vp/ddpm/cifar10.py --eval_folder eval --mode train --workdir ./results --hard_examples
python main.py --config ./configs/vp/ddpm/cifar10.py --eval_folder eval --mode train --workdir ./results --hard_examples
python main.py --config ./configs/vp/ddpm/cifar10.py --eval_folder eval --mode train --workdir ./results --hard_examples
python main.py --config ./configs/vp/ddpm/cifar10.py --eval_folder eval --mode train --workdir ./results --hard_examples
python main.py --config ./configs/vp/ddpm/cifar10.py --eval_folder eval --mode train --workdir ./results --hard_examples
python main.py --config ./configs/vp/ddpm/cifar10.py --eval_folder eval --mode train --workdir ./results --hard_examples
python main.py --config ./configs/vp/ddpm/cifar10.py --eval_folder eval --mode train --workdir ./results --hard_examples
python main.py --config ./configs/vp/ddpm/cifar10.py --eval_folder eval --mode train --workdir ./results --hard_examples
python main.py --config ./configs/vp/ddpm/cifar10.py --eval_folder eval --mode train --workdir ./results --hard_examples --easy_examples
python main.py --config ./configs/vp/ddpm/cifar10.py --eval_folder eval --mode train --workdir ./results --hard_examples
python main.py --config ./configs/vp/ddpm/cifar10.py --eval_folder eval --mode train --workdir ./results --hard_examples
python main.py --config ./configs/vp/ddpm/cifar10.py --eval_folder eval --mode train --workdir ./results --hard_examples
python main.py --config ./configs/vp/ddpm/cifar10.py --eval_folder eval --mode train --workdir ./results --hard_examples
python main.py --config ./configs/vp/ddpm/cifar10.py --eval_folder eval --mode train --workdir ./results --hard_examples
python main.py --config ./configs/vp/ddpm/cifar10.py --eval_folder eval --mode train --workdir ./results --hard_examples
python main.py --config ./configs/vp/ddpm/cifar10.py --eval_folder eval --mode train --workdir ./results --hard_examples
python main.py --config ./configs/vp/ddpm/cifar10.py --eval_folder eval --mode train --workdir ./results --hard_examples
python main.py --config ./configs/vp/ddpm/cifar10.py --eval_folder eval --mode train --workdir ./results --hard_examples
python main.py --config ./configs/vp/ddpm/cifar10.py --eval_folder eval --mode train --workdir ./results --hard_examples
python main.py --config ./configs/vp/ddpm/cifar10.py --eval_folder eval --mode train --workdir ./results --hard_examples
python main.py --config ./configs/vp/ddpm/cifar10.py --eval_folder eval --mode train --workdir ./results --hard_examples
python main.py --config ./configs/vp/ddpm/cifar10.py --eval_folder eval --mode train --workdir ./results --hard_examples
python main.py --config ./configs/vp/ddpm/cifar10.py --eval_folder eval --mode train --workdir ./results --hard_examples
python main.py --config ./configs/vp/ddpm/cifar10.py --eval_folder eval --mode train --workdir ./results --pytorch_dataset
python main.py --config ./configs/vp/ddpm/cifar10.py --eval_folder eval --mode train --workdir ./results --pytorch_dataset
python main.py --config ./configs/vp/ddpm/cifar10.py --eval_folder eval --mode train --workdir ./results --pytorch_dataset
python main.py --config ./configs/vp/ddpm/cifar10.py --eval_folder eval --mode train --workdir ./results --pytorch_dataset
python main.py --config ./configs/vp/ddpm/cifar10.py --eval_folder eval --mode train --workdir ./results --pytorch_dataset
python main.py --config ./configs/vp/ddpm/cifar10.py --eval_folder eval --mode train --workdir ./results --pytorch_dataset
python main.py --config ./configs/vp/ddpm/cifar10.py --eval_folder eval --mode train --workdir ./results --pytorch_dataset
python main.py --config ./configs/vp/ddpm/cifar10.py --eval_folder eval --mode train --workdir ./results --pytorch_dataset
python main.py --config ./configs/vp/ddpm/cifar10_bpd.py --eval_folder eval --mode eval --workdir ./results --pytorch_dataset
python main.py --config ./configs/vp/ddpm/cifar10_bpd.py --eval_folder eval --mode eval --workdir ./results --pytorch_dataset
python main.py --config ./configs/vp/ddpm/cifar10_bpd.py --eval_folder eval --mode eval --workdir ./results --pytorch_dataset
python main.py --config ./configs/vp/ddpm/cifar10_bpd.py --eval_folder eval --mode eval --workdir ./results --pytorch_dataset
python main.py --config ./configs/vp/ddpm/cifar10_bpd.py --eval_folder eval --mode eval --workdir ./results --pytorch_dataset
python main.py --config ./configs/vp/ddpm/cifar10_bpd.py --eval_folder eval --mode eval --workdir ./results --pytorch_dataset
python main.py --config ./configs/vp/ddpm/cifar10_bpd.py --eval_folder eval --mode eval --workdir ./results --pytorch_dataset
python main.py --config ./configs/vp/ddpm/cifar10_bpd.py --eval_folder eval --mode eval --workdir ./results --pytorch_dataset
python main.py --config ./configs/vp/ddpm/cifar10_bpd.py --eval_folder eval --mode eval --workdir ./results --pytorch_dataset
python main.py --config ./configs/vp/ddpm/cifar10_bpd.py --eval_folder eval --mode eval --workdir ./results --pytorch_dataset
python main.py --config ./configs/vp/ddpm/cifar10_bpd.py --eval_folder eval --mode eval --workdir ./results --pytorch_dataset
python main.py --config ./configs/vp/ddpm/cifar10_bpd.py --eval_folder eval --mode eval --workdir ./results --pytorch_dataset
python main.py --config ./configs/vp/ddpm/cifar10_bpd.py --eval_folder eval --mode eval --workdir ./results --pytorch_dataset
python main.py --config ./configs/vp/ddpm/cifar10_bpd.py --eval_folder eval --mode eval --workdir ./results --pytorch_dataset
python main.py --config ./configs/vp/ddpm/cifar10_bpd.py --eval_folder eval --mode eval --workdir ./results --pytorch_dataset
python main.py --config ./configs/vp/ddpm/cifar10_bpd.py --eval_folder eval --mode eval --workdir ./results --pytorch_dataset
python main.py --config ./configs/vp/ddpm/cifar10_bpd.py --eval_folder eval --mode eval --workdir ./results --pytorch_dataset
python main.py --config ./configs/vp/ddpm/cifar10_bpd.py --eval_folder eval --mode eval --workdir ./results --pytorch_dataset
python main.py --config ./configs/vp/ddpm/cifar10_bpd.py --eval_folder eval --mode eval --workdir ./results --pytorch_dataset
python main.py --config ./configs/vp/ddpm/cifar10_bpd.py --eval_folder eval --mode eval --workdir ./results --pytorch_dataset
python main.py --config ./configs/vp/ddpm/cifar10_bpd.py --eval_folder eval --mode eval --workdir ./results --pytorch_dataset
python main.py --config ./configs/vp/ddpm/cifar10_bpd.py --eval_folder eval --mode eval --workdir ./results --pytorch_dataset
python main.py --config ./configs/vp/ddpm/cifar10_bpd.py --eval_folder eval --mode eval --workdir ./results --pytorch_dataset
python main.py --config ./configs/vp/ddpm/cifar10_bpd.py --eval_folder eval --mode eval --workdir ./results --pytorch_dataset
python main.py --config ./configs/vp/ddpm/cifar10_bpd.py --eval_folder eval --mode eval --workdir ./results --pytorch_dataset
python main.py --config ./configs/vp/ddpm/cifar10_bpd.py --eval_folder eval --mode eval --workdir ./results --pytorch_dataset
python main.py --config ./configs/vp/ddpm/cifar10_bpd.py --eval_folder eval --mode eval_samples --workdir ./results --pytorch_dataset
python main.py --config ./configs/vp/ddpm/cifar10_bpd.py --eval_folder eval --mode eval_samples --workdir ./results --pytorch_dataset
python main.py --config ./configs/vp/ddpm/cifar10_eval_sample.py --eval_folder eval --mode eval_samples --workdir ./results --pytorch_dataset
python main.py --config ./configs/vp/ddpm/cifar10_eval_sample.py --eval_folder eval --mode eval_samples --workdir ./results --pytorch_dataset
python main.py --config ./configs/vp/ddpm/cifar10.py --eval_folder eval --mode train --workdir ./results --pytorch_dataset
python main.py --config ./configs/vp/ddpm/cifar10_eval_bpd.py --eval_folder eval --mode eval --workdir ./results --pytorch_dataset
python main.py --config ./configs/vp/ddpm/cifar10_bpd.py --eval_folder eval --mode eval --workdir ./results --pytorch_dataset
python main.py --config ./configs/vp/ddpm/cifar10_eval_sample.py --eval_folder eval --mode eval_samples --workdir ./results --pytorch_dataset
python main.py --config ./configs/vp/ddpm/cifar10_eval_sample.py --eval_folder eval --mode eval_samples --workdir ./results --pytorch_dataset
python main.py --config ./configs/vp/ddpm/cifar10_eval_sample.py --eval_folder eval --mode eval_samples --workdir ./results --pytorch_dataset
python main.py --config ./configs/vp/ddpm/cifar10_eval_sample.py --eval_folder eval --mode eval_samples --workdir ./results --pytorch_dataset
python main.py --config ./configs/vp/ddpm/cifar10_eval_sample.py --eval_folder eval --mode eval_samples --workdir ./results --pytorch_dataset
python main.py --config ./configs/vp/ddpm/cifar10_eval_sample.py --eval_folder eval --mode eval_samples --workdir ./results --pytorch_dataset --test_sample_input_path /egr/research-dselab/renjie3/renjie/improved-diffusion/results/130/model050000/samples_400x32x32x3.npz
python main.py --config ./configs/vp/ddpm/cifar10_eval_sample.py --eval_folder eval --mode eval_samples --workdir ./results --pytorch_dataset --test_sample_input_path /egr/research-dselab/renjie3/renjie/improved-diffusion/results/130/model050000/samples_400x32x32x3.npz
python main.py --config ./configs/vp/ddpm/cifar10_eval_sample.py --eval_folder eval --mode eval_samples --workdir ./results --pytorch_dataset --test_sample_input_path /egr/research-dselab/renjie3/renjie/improved-diffusion/results/130/model050000/samples_400x32x32x3.npz
python main.py --config ./configs/vp/ddpm/cifar10_eval_sample.py --eval_folder eval --mode eval_samples --workdir ./results --pytorch_dataset --test_sample_input_path /egr/research-dselab/renjie3/renjie/improved-diffusion/results/130/model050000/samples_400x32x32x3.npz
python main.py --config ./configs/vp/ddpm/cifar10_eval_sample.py --eval_folder eval --mode eval_samples --workdir ./results --pytorch_dataset --test_sample_input_path /egr/research-dselab/renjie3/renjie/improved-diffusion/results/130/model050000/samples_400x32x32x3.npz
python main.py --config ./configs/vp/ddpm/cifar10_eval_sample.py --eval_folder eval --mode eval_samples --workdir ./results --pytorch_dataset --test_sample_input_path /egr/research-dselab/renjie3/renjie/improved-diffusion/results/130/model050000/samples_400x32x32x3.npz
python main.py --config ./configs/vp/ddpm/cifar10_eval_sample.py --eval_folder eval --mode eval_samples --workdir ./results --pytorch_dataset --test_sample_input_path /egr/research-dselab/renjie3/renjie/improved-diffusion/results/130/model050000/samples_400x32x32x3.npz
python main.py --config ./configs/vp/ddpm/cifar10_eval_sample.py --eval_folder eval --mode eval_samples --workdir ./results --pytorch_dataset --test_sample_input_path /egr/research-dselab/renjie3/renjie/improved-diffusion/results/130/model050000/samples_400x32x32x3.npz
python main.py --config ./configs/vp/ddpm/cifar10_eval_sample.py --eval_folder eval --mode eval_samples --workdir ./results --pytorch_dataset --test_sample_input_path /egr/research-dselab/renjie3/renjie/improved-diffusion/results/130/model050000/samples_400x32x32x3.npz
python main.py --config ./configs/vp/ddpm/cifar10_eval_sample.py --eval_folder eval --mode eval_samples --workdir ./results --pytorch_dataset --test_sample_input_path /egr/research-dselab/renjie3/renjie/improved-diffusion/results/130/model050000/samples_400x32x32x3.npz
python main.py --config ./configs/vp/ddpm/cifar10_eval_sample.py --eval_folder eval --mode eval_samples --workdir ./results --pytorch_dataset --test_sample_input_path /egr/research-dselab/renjie3/renjie/improved-diffusion/results/130/model050000/samples_400x32x32x3.npz
python main.py --config ./configs/vp/ddpm/cifar10_eval_sample.py --eval_folder eval --mode eval_samples --workdir ./results --pytorch_dataset --test_sample_input_path /egr/research-dselab/renjie3/renjie/improved-diffusion/results/130/model050000/samples_400x32x32x3.npz
python main.py --config ./configs/vp/ddpm/cifar10_eval_sample.py --eval_folder eval --mode eval_samples --workdir ./results --pytorch_dataset --test_sample_input_path /egr/research-dselab/renjie3/renjie/improved-diffusion/results/130/model050000/samples_400x32x32x3.npz
python main.py --config ./configs/vp/ddpm/cifar10_eval_sample.py --eval_folder eval --mode eval_samples --workdir ./results --pytorch_dataset --test_sample_input_path /egr/research-dselab/renjie3/renjie/improved-diffusion/results/130/model050000/samples_400x32x32x3.npz
python main.py --config ./configs/vp/ddpm/cifar10_eval_sample.py --eval_folder eval --mode eval_samples --workdir ./results --pytorch_dataset --test_sample_input_path /egr/research-dselab/renjie3/renjie/improved-diffusion/results/130/model050000/samples_400x32x32x3.npz
python main.py --config ./configs/vp/ddpm/cifar10_eval_sample.py --eval_folder eval --mode eval_samples --workdir ./results --pytorch_dataset --test_sample_input_path /egr/research-dselab/renjie3/renjie/improved-diffusion/results/130/model050000/samples_400x32x32x3.npz
python main.py --config ./configs/vp/ddpm/cifar10_eval_sample.py --eval_folder eval --mode eval_samples --workdir ./results --pytorch_dataset --test_sample_input_path /egr/research-dselab/renjie3/renjie/improved-diffusion/results/130/model050000/samples_400x32x32x3.npz
python main.py --config ./configs/vp/ddpm/cifar10_eval_sample.py --eval_folder eval --mode eval_samples --workdir ./results --pytorch_dataset --test_sample_input_path /egr/research-dselab/renjie3/renjie/improved-diffusion/results/130/model050000/samples_400x32x32x3.npz
python main.py --config ./configs/vp/ddpm/cifar10_eval_sample.py --eval_folder eval --mode eval_samples --workdir ./results --pytorch_dataset --test_sample_input_path /egr/research-dselab/renjie3/renjie/improved-diffusion/results/130/model050000/samples_400x32x32x3.npz
python main.py --config ./configs/vp/ddpm/cifar10_eval_sample.py --eval_folder eval --mode eval_samples --workdir ./results --pytorch_dataset --test_sample_input_path /egr/research-dselab/renjie3/renjie/improved-diffusion/results/official_checkpoint/samples_1000x32x32x3.npz
python main.py --config ./configs/vp/ddpm/cifar10_eval_sample.py --eval_folder eval --mode eval_samples --workdir ./results --pytorch_dataset --test_sample_input_path /egr/research-dselab/renjie3/renjie/improved-diffusion/results/official_checkpoint/samples_1000x32x32x3.npz
python main.py --config ./configs/vp/ddpm/cifar10_eval_sample.py --eval_folder eval --mode eval_samples --workdir ./results --pytorch_dataset --test_sample_input_path /egr/research-dselab/renjie3/renjie/improved-diffusion/results/official_checkpoint/samples_1000x32x32x3.npz
python main.py --config ./configs/vp/ddpm/cifar10_eval_sample.py --eval_folder eval --mode eval_samples --workdir ./results --pytorch_dataset --test_sample_input_path /egr/research-dselab/renjie3/renjie/improved-diffusion/results/130/model050000/samples_400x32x32x3.npz
python main.py --config ./configs/vp/ddpm/cifar10_eval_sample.py --eval_folder eval --mode eval_samples --workdir ./results --pytorch_dataset --test_sample_input_path /egr/research-dselab/renjie3/renjie/improved-diffusion/results/130/model050000/samples_400x32x32x3.npz
python main.py --config ./configs/vp/ddpm/cifar10_eval_sample.py --eval_folder eval --mode eval_samples --workdir ./results --pytorch_dataset --test_sample_input_path /egr/research-dselab/renjie3/renjie/improved-diffusion/results/130/model050000/samples_400x32x32x3.npz
python main.py --config ./configs/vp/ddpm/cifar10_eval_sample.py --eval_folder eval --mode eval_samples --workdir ./results --pytorch_dataset --test_sample_input_path /egr/research-dselab/renjie3/renjie/improved-diffusion/results/130/model050000/samples_400x32x32x3.npz
python main.py --config ./configs/vp/ddpm/cifar10_eval_sample.py --eval_folder eval --mode eval_samples --workdir ./results --pytorch_dataset --test_sample_input_path /egr/research-dselab/renjie3/renjie/improved-diffusion/results/cifar10_bird.npy
python main.py --config ./configs/vp/ddpm/cifar10_eval_sample.py --eval_folder eval --mode eval_samples --workdir ./results --pytorch_dataset --test_sample_input_path /egr/research-dselab/renjie3/renjie/improved-diffusion/results/cifar10_bird.npy
python main.py --config ./configs/vp/ddpm/cifar10_eval_sample.py --eval_folder eval --mode eval_samples --workdir ./results --pytorch_dataset --test_sample_input_path /egr/research-dselab/renjie3/renjie/improved-diffusion/results/official_checkpoint/samples_1000x32x32x3.npz
python main.py --config ./configs/vp/ddpm/cifar10_eval_sample.py --eval_folder eval --mode eval_samples --workdir ./results --pytorch_dataset --test_sample_input_path /egr/research-dselab/renjie3/renjie/improved-diffusion/results/official_checkpoint/samples_1000x32x32x3.npz
python main.py --config ./configs/vp/ddpm/cifar10_eval_sample.py --eval_folder eval --mode eval_samples --workdir ./results --pytorch_dataset --test_sample_input_path /egr/research-dselab/renjie3/renjie/improved-diffusion/results/official_checkpoint/samples_1000x32x32x3.npz
python main.py --config ./configs/vp/ddpm/cifar10_eval_sample.py --eval_folder eval --mode eval_samples --workdir ./results --pytorch_dataset --test_sample_input_path /egr/research-dselab/renjie3/renjie/improved-diffusion/results/official_checkpoint/samples_1000x32x32x3.npz
python main.py --config ./configs/vp/ddpm/cifar10_eval_sample.py --eval_folder eval --mode eval_samples --workdir ./results --pytorch_dataset --test_sample_input_path /egr/research-dselab/renjie3/renjie/improved-diffusion/results/official_checkpoint/samples_1000x32x32x3.npz
python main.py --config ./configs/vp/ddpm/cifar10_eval_sample.py --eval_folder eval --mode eval_samples --workdir ./results --pytorch_dataset --test_sample_input_path /egr/research-dselab/renjie3/renjie/improved-diffusion/results/official_checkpoint/samples_1000x32x32x3.npz
python main.py --config ./configs/vp/ddpm/cifar10_eval_sample.py --eval_folder eval --mode eval_samples --workdir ./results --pytorch_dataset --test_sample_input_path /egr/research-dselab/renjie3/renjie/improved-diffusion/results/official_checkpoint/samples_1000x32x32x3.npz
python main.py --config ./configs/vp/ddpm/cifar10_eval_sample.py --eval_folder eval --mode eval_samples --workdir ./results --pytorch_dataset --test_sample_input_path /egr/research-dselab/renjie3/renjie/improved-diffusion/results/official_checkpoint/samples_1000x32x32x3.npz
python main.py --config ./configs/vp/ddpm/cifar10_eval_sample.py --eval_folder eval --mode eval_samples --workdir ./results --pytorch_dataset --test_sample_input_path /egr/research-dselab/renjie3/renjie/improved-diffusion/results/official_checkpoint/samples_1000x32x32x3.npz
python main.py --config ./configs/vp/ddpm/cifar10_eval_sample.py --eval_folder eval --mode eval_samples --workdir ./results --pytorch_dataset --test_sample_input_path /egr/research-dselab/renjie3/renjie/improved-diffusion/results/official_checkpoint/samples_1000x32x32x3.npz
python main.py --config ./configs/vp/ddpm/cifar10_eval_sample.py --eval_folder eval --mode eval_samples --workdir ./results --pytorch_dataset --test_sample_input_path /egr/research-dselab/renjie3/renjie/improved-diffusion/results/official_checkpoint/samples_1000x32x32x3.npz
python main.py --config ./configs/vp/ddpm/cifar10_eval_sample.py --eval_folder eval --mode eval_samples --workdir ./results --pytorch_dataset --test_sample_input_path /egr/research-dselab/renjie3/renjie/improved-diffusion/results/cifar10_bird.npy
python main.py --config ./configs/vp/ddpm/cifar10_eval_sample.py --eval_folder eval --mode eval_samples --workdir ./results --pytorch_dataset --test_sample_input_path /egr/research-dselab/renjie3/renjie/improved-diffusion/results/official_checkpoint/samples_1000x32x32x3.npz
python main.py --config ./configs/vp/ddpm/cifar10_eval_sample.py --eval_folder eval --mode eval_samples --workdir ./results --pytorch_dataset --test_sample_input_path /egr/research-dselab/renjie3/renjie/improved-diffusion/results/official_checkpoint/samples_1000x32x32x3.npz
python main.py --config ./configs/vp/ddpm/cifar10_eval_sample.py --eval_folder eval --mode eval_samples --workdir ./results --pytorch_dataset --test_sample_input_path /egr/research-dselab/renjie3/renjie/improved-diffusion/results/official_checkpoint/samples_1000x32x32x3.npz
python main.py --config ./configs/vp/ddpm/cifar10_eval_sample.py --eval_folder eval --mode eval_samples --workdir ./results --pytorch_dataset --test_sample_input_path /egr/research-dselab/renjie3/renjie/improved-diffusion/results/official_checkpoint/samples_1000x32x32x3.npz
python main.py --config ./configs/vp/ddpm/cifar10_eval_sample.py --eval_folder eval --mode eval_samples --workdir ./results --pytorch_dataset --test_sample_input_path /egr/research-dselab/renjie3/renjie/improved-diffusion/results/official_checkpoint/samples_1000x32x32x3.npz
python main.py --config ./configs/vp/ddpm/cifar10_eval_sample.py --eval_folder eval --mode eval_samples --workdir ./results --pytorch_dataset --test_sample_input_path /egr/research-dselab/renjie3/renjie/improved-diffusion/results/official_checkpoint/samples_1000x32x32x3.npz
python main.py --config ./configs/vp/ddpm/cifar10_eval_sample.py --eval_folder eval --mode eval_samples --workdir ./results --pytorch_dataset --test_sample_input_path /egr/research-dselab/renjie3/renjie/improved-diffusion/results/cifar10_bird.npy
python main.py --config ./configs/vp/ddpm/cifar10_eval_sample.py --eval_folder eval --mode eval_samples --workdir ./results --pytorch_dataset --test_sample_input_path /egr/research-dselab/renjie3/renjie/improved-diffusion/results/cifar10_bird.npy
python main.py --config ./configs/vp/ddpm/cifar10_eval_sample.py --eval_folder eval --mode eval_samples --workdir ./results --pytorch_dataset --test_sample_input_path /egr/research-dselab/renjie3/renjie/improved-diffusion/results/cifar10_bird.npy
python main.py --config ./configs/vp/ddpm/cifar10_eval_sample.py --eval_folder eval --mode eval_samples --workdir ./results --pytorch_dataset --test_sample_input_path /egr/research-dselab/renjie3/renjie/improved-diffusion/results/cifar10_bird.npy
python main.py --config ./configs/vp/ddpm/cifar10_eval_sample.py --eval_folder eval --mode eval_samples --workdir ./results --pytorch_dataset --test_sample_input_path /egr/research-dselab/renjie3/renjie/improved-diffusion/results/130/model050000/samples_400x32x32x3.npz
python main.py --config ./configs/vp/ddpm/cifar10_eval_sample.py --eval_folder eval --mode eval_samples --workdir ./results --pytorch_dataset --test_sample_input_path /egr/research-dselab/renjie3/renjie/improved-diffusion/results/official_checkpoint/samples_1000x32x32x3.npz
python main.py --config ./configs/vp/ddpm/cifar10_eval_sample.py --eval_folder eval --mode eval_samples --workdir ./results --pytorch_dataset --test_sample_input_path /egr/research-dselab/renjie3/renjie/improved-diffusion/results/130/model020000/0000.png
python main.py --config ./configs/vp/ddpm/cifar10_eval_sample.py --eval_folder eval --mode eval_samples --workdir ./results --pytorch_dataset --test_sample_input_path /egr/research-dselab/renjie3/renjie/improved-diffusion/results/130/model020000/samples_400x32x32x3.npz
python main.py --config ./configs/vp/ddpm/cifar10_eval_sample.py --eval_folder eval --mode eval_samples --workdir ./results --pytorch_dataset --test_sample_input_path /egr/research-dselab/renjie3/renjie/improved-diffusion/results/131/model050000/samples_400x32x32x3.npz
python main.py --config ./configs/vp/ddpm/cifar10_eval_sample.py --eval_folder eval --mode eval_samples --workdir ./results --pytorch_dataset --test_sample_input_path /egr/research-dselab/renjie3/renjie/improved-diffusion/results/131/model020000/samples_400x32x32x3.npz
python main.py --config ./configs/vp/ddpm/cifar10_eval_sample.py --eval_folder eval --mode eval_samples --workdir ./results --pytorch_dataset --test_sample_input_path /egr/research-dselab/renjie3/renjie/improved-diffusion/results/131/model020000/samples_400x32x32x3.npz
python main.py --config ./configs/vp/ddpm/cifar10_eval_sample.py --eval_folder eval --mode eval_samples --workdir ./results --pytorch_dataset --test_sample_input_path /egr/research-dselab/renjie3/renjie/improved-diffusion/results/130/model010000/samples_100x32x32x3.npz
python main.py --config ./configs/vp/ddpm/cifar10_eval_sample.py --eval_folder eval --mode eval_samples --workdir ./results --pytorch_dataset --test_sample_input_path /egr/research-dselab/renjie3/renjie/improved-diffusion/results/130/model010000/samples_100x32x32x3.npz
python main.py --config ./configs/vp/ddpm/cifar10_eval_sample.py --eval_folder eval --mode eval_samples --workdir ./results --pytorch_dataset --test_sample_input_path /egr/research-dselab/renjie3/renjie/improved-diffusion/results/130/model020000/samples_100x32x32x3.npz
python main.py --config ./configs/vp/ddpm/cifar10_eval_sample.py --eval_folder eval --mode eval_samples --workdir ./results --pytorch_dataset --test_sample_input_path /egr/research-dselab/renjie3/renjie/improved-diffusion/results/130/model030000/samples_100x32x32x3.npz
python main.py --config ./configs/vp/ddpm/cifar10_eval_sample.py --eval_folder eval --mode eval_samples --workdir ./results --pytorch_dataset --test_sample_input_path /egr/research-dselab/renjie3/renjie/improved-diffusion/results/130/model040000/samples_100x32x32x3.npz
python main.py --config ./configs/vp/ddpm/cifar10_eval_sample.py --eval_folder eval --mode eval_samples --workdir ./results --pytorch_dataset --test_sample_input_path /egr/research-dselab/renjie3/renjie/improved-diffusion/results/130/model050000/samples_400x32x32x3.npz
python main.py --config ./configs/vp/ddpm/cifar10_eval_sample.py --eval_folder eval --mode eval_samples --workdir ./results --pytorch_dataset --test_sample_input_path /egr/research-dselab/renjie3/renjie/improved-diffusion/results/127/model050000/samples_1000x32x32x3.npz
python main.py --config ./configs/vp/ddpm/cifar10_eval_sample.py --eval_folder eval --mode eval_samples --workdir ./results --pytorch_dataset --test_sample_input_path /egr/research-dselab/renjie3/renjie/improved-diffusion/results/127/model050000/samples_1000x32x32x3.npz
python main.py --config ./configs/vp/ddpm/cifar10_eval_sample.py --eval_folder eval --mode eval_samples --workdir ./results --pytorch_dataset --test_sample_input_path /egr/research-dselab/renjie3/renjie/improved-diffusion/results/130/model020000/samples_400x32x32x3.npz
python main.py --config ./configs/vp/ddpm/cifar10_eval_sample.py --eval_folder eval --mode eval_samples --workdir ./results --pytorch_dataset --test_sample_input_path /egr/research-dselab/renjie3/renjie/improved-diffusion/results/130/model050000/samples_400x32x32x3.npz
python main.py --config ./configs/vp/ddpm/cifar10_eval_sample.py --eval_folder eval --mode eval_samples --workdir ./results --pytorch_dataset --test_sample_input_path /egr/research-dselab/renjie3/renjie/improved-diffusion/results/132/model020000/samples_400x32x32x3.npz
python main.py --config ./configs/vp/ddpm/cifar10_eval_sample.py --eval_folder eval --mode eval_samples --workdir ./results --pytorch_dataset --test_sample_input_path /egr/research-dselab/renjie3/renjie/improved-diffusion/results/132/model050000/samples_200x32x32x3.npz
python main.py --config ./configs/vp/ddpm/cifar10_eval_sample.py --eval_folder eval --mode eval_samples --workdir ./results --pytorch_dataset --test_sample_input_path /egr/research-dselab/renjie3/renjie/improved-diffusion/results/official_checkpoint/samples_1000x32x32x3.npz
python main.py --config ./configs/vp/ddpm/cifar10_eval_sample.py --eval_folder eval --mode eval_samples --workdir ./results --pytorch_dataset --test_sample_input_path /egr/research-dselab/renjie3/renjie/improved-diffusion/results/official_checkpoint/samples_1000x32x32x3.npz
python main.py --config ./configs/vp/ddpm/cifar10_eval_sample.py --eval_folder eval --mode eval_samples --workdir ./results --pytorch_dataset --test_sample_input_path /egr/research-dselab/renjie3/renjie/improved-diffusion/results/official_checkpoint/samples_1000x32x32x3.npz
